12:13:22  INFO     Loaded 44 cookies from cookies.json
12:13:22  INFO     Keywords to process: 183/183
12:13:23  INFO     [1/183] 'python': 10,000 total, 417 pages — +24 new (running total: 24)
12:14:59  INFO       \u2514\u2500 'python' done — unique so far: 9,588  (seen pool: 9,588)
12:15:00  INFO     [2/183] 'javascript': 10,000 total, 417 pages — +23 new (running total: 9,611)
12:16:29  INFO       \u2514\u2500 'javascript' done — unique so far: 18,730  (seen pool: 18,730)
12:16:30  INFO     [3/183] 'java': 10,000 total, 417 pages — +23 new (running total: 18,753)
12:17:57  INFO       \u2514\u2500 'java' done — unique so far: 26,801  (seen pool: 26,801)
12:17:58  INFO     [4/183] 'c++': 4,503 total, 188 pages — +17 new (running total: 26,818)
12:18:35  INFO       \u2514\u2500 'c++' done — unique so far: 29,996  (seen pool: 29,996)
12:18:36  INFO     [5/183] 'c#': 6,825 total, 285 pages — +21 new (running total: 30,017)
12:19:34  INFO       \u2514\u2500 'c#' done — unique so far: 34,402  (seen pool: 34,402)
12:19:35  INFO     [6/183] 'golang': 774 total, 33 pages — +16 new (running total: 34,418)
12:19:41  INFO       \u2514\u2500 'golang' done — unique so far: 34,928  (seen pool: 34,928)
12:19:42  INFO     [7/183] 'ruby': 391 total, 17 pages — +19 new (running total: 34,947)
12:19:45  INFO       \u2514\u2500 'ruby' done — unique so far: 35,132  (seen pool: 35,132)
12:19:46  INFO     [8/183] 'php': 5,060 total, 211 pages — +5 new (running total: 35,137)
12:20:29  INFO       \u2514\u2500 'php' done — unique so far: 38,363  (seen pool: 38,363)
12:20:30  INFO     [9/183] 'swift': 1,568 total, 66 pages — +23 new (running total: 38,386)
12:20:44  INFO       \u2514\u2500 'swift' done — unique so far: 39,647  (seen pool: 39,647)
12:20:45  INFO     [10/183] 'kotlin': 2,085 total, 87 pages — +5 new (running total: 39,652)
12:21:02  INFO       \u2514\u2500 'kotlin' done — unique so far: 40,711  (seen pool: 40,711)
12:21:02  INFO     [11/183] 'rust': 492 total, 21 pages — +17 new (running total: 40,728)
12:21:06  INFO       \u2514\u2500 'rust' done — unique so far: 41,026  (seen pool: 41,026)
12:21:07  INFO     [12/183] 'typescript': 2,673 total, 112 pages — +0 new (running total: 41,026)
12:21:30  INFO       \u2514\u2500 'typescript' done — unique so far: 41,668  (seen pool: 41,668)
12:21:30  INFO     [13/183] 'scala': 370 total, 16 pages — +10 new (running total: 41,678)
12:21:34  INFO       \u2514\u2500 'scala' done — unique so far: 41,886  (seen pool: 41,886)
12:21:34  INFO     [14/183] 'r programming': 10,000 total, 417 pages — +3 new (running total: 41,889)
